/usr/local/lib/python3.12/dist-packages/transformers/utils/hub.py:111: FutureWarning: Using `TRANSFORMERS_CACHE` is deprecated and will be removed in v5 of Transformers. Use `HF_HOME` instead.
  warnings.warn(
'(MaxRetryError("HTTPSConnectionPool(host='huggingface.co', port=443): Max retries exceeded with url: /ByteDance/Ouro-2.6B/resolve/main/tokenizer_config.json (Caused by ProxyError('Unable to connect to proxy', ConnectTimeoutError(<HTTPSConnection(host='10.22.132.1', port=8080) at 0x1553db250ce0>, 'Connection to 10.22.132.1 timed out. (connect timeout=10)')))"), '(Request ID: 3c4f70c8-1bbf-4698-aa75-ef2a2102bbe2)')' thrown while requesting HEAD https://huggingface.co/ByteDance/Ouro-2.6B/resolve/main/tokenizer_config.json
Retrying in 1s [Retry 1/5].
'(MaxRetryError("HTTPSConnectionPool(host='huggingface.co', port=443): Max retries exceeded with url: /ByteDance/Ouro-2.6B/resolve/main/tokenizer_config.json (Caused by ProxyError('Unable to connect to proxy', ConnectTimeoutError(<HTTPSConnection(host='10.22.132.1', port=8080) at 0x1553db22a270>, 'Connection to 10.22.132.1 timed out. (connect timeout=10)')))"), '(Request ID: eda8839b-d780-4e50-b753-e9456aa152c3)')' thrown while requesting HEAD https://huggingface.co/ByteDance/Ouro-2.6B/resolve/main/tokenizer_config.json
Retrying in 2s [Retry 2/5].
'(MaxRetryError("HTTPSConnectionPool(host='huggingface.co', port=443): Max retries exceeded with url: /ByteDance/Ouro-2.6B/resolve/main/tokenizer_config.json (Caused by ProxyError('Unable to connect to proxy', ConnectTimeoutError(<HTTPSConnection(host='10.22.132.1', port=8080) at 0x1553db22a5a0>, 'Connection to 10.22.132.1 timed out. (connect timeout=10)')))"), '(Request ID: f243b754-c54b-4d1e-aac9-609927c6df03)')' thrown while requesting HEAD https://huggingface.co/ByteDance/Ouro-2.6B/resolve/main/tokenizer_config.json
Retrying in 4s [Retry 3/5].
'(MaxRetryError("HTTPSConnectionPool(host='huggingface.co', port=443): Max retries exceeded with url: /ByteDance/Ouro-2.6B/resolve/main/tokenizer_config.json (Caused by ProxyError('Unable to connect to proxy', ConnectTimeoutError(<HTTPSConnection(host='10.22.132.1', port=8080) at 0x1553db22a840>, 'Connection to 10.22.132.1 timed out. (connect timeout=10)')))"), '(Request ID: 70326051-9037-41a4-8e2f-aa183246d466)')' thrown while requesting HEAD https://huggingface.co/ByteDance/Ouro-2.6B/resolve/main/tokenizer_config.json
Retrying in 8s [Retry 4/5].
'(MaxRetryError("HTTPSConnectionPool(host='huggingface.co', port=443): Max retries exceeded with url: /ByteDance/Ouro-2.6B/resolve/main/tokenizer_config.json (Caused by ProxyError('Unable to connect to proxy', ConnectTimeoutError(<HTTPSConnection(host='10.22.132.1', port=8080) at 0x1553db22aae0>, 'Connection to 10.22.132.1 timed out. (connect timeout=10)')))"), '(Request ID: 5ddf23db-b011-4e2e-9a35-1669d303c374)')' thrown while requesting HEAD https://huggingface.co/ByteDance/Ouro-2.6B/resolve/main/tokenizer_config.json
Retrying in 8s [Retry 5/5].
'(MaxRetryError("HTTPSConnectionPool(host='huggingface.co', port=443): Max retries exceeded with url: /ByteDance/Ouro-2.6B/resolve/main/tokenizer_config.json (Caused by ProxyError('Unable to connect to proxy', ConnectTimeoutError(<HTTPSConnection(host='10.22.132.1', port=8080) at 0x1553db22ad80>, 'Connection to 10.22.132.1 timed out. (connect timeout=10)')))"), '(Request ID: dcc4b695-e7b7-40ea-8f45-e378c9655192)')' thrown while requesting HEAD https://huggingface.co/ByteDance/Ouro-2.6B/resolve/main/tokenizer_config.json
Traceback (most recent call last):
  File "/usr/local/lib/python3.12/dist-packages/urllib3/connection.py", line 204, in _new_conn
    sock = connection.create_connection(
           ^^^^^^^^^^^^^^^^^^^^^^^^^^^^^
  File "/usr/local/lib/python3.12/dist-packages/urllib3/util/connection.py", line 85, in create_connection
    raise err
  File "/usr/local/lib/python3.12/dist-packages/urllib3/util/connection.py", line 73, in create_connection
    sock.connect(sa)
TimeoutError: timed out

The above exception was the direct cause of the following exception:

Traceback (most recent call last):
  File "/usr/local/lib/python3.12/dist-packages/urllib3/connectionpool.py", line 773, in urlopen
    self._prepare_proxy(conn)
  File "/usr/local/lib/python3.12/dist-packages/urllib3/connectionpool.py", line 1042, in _prepare_proxy
    conn.connect()
  File "/usr/local/lib/python3.12/dist-packages/urllib3/connection.py", line 759, in connect
    self.sock = sock = self._new_conn()
                       ^^^^^^^^^^^^^^^^
  File "/usr/local/lib/python3.12/dist-packages/urllib3/connection.py", line 213, in _new_conn
    raise ConnectTimeoutError(
urllib3.exceptions.ConnectTimeoutError: (<HTTPSConnection(host='10.22.132.1', port=8080) at 0x1553db22ad80>, 'Connection to 10.22.132.1 timed out. (connect timeout=10)')

The above exception was the direct cause of the following exception:

urllib3.exceptions.ProxyError: ('Unable to connect to proxy', ConnectTimeoutError(<HTTPSConnection(host='10.22.132.1', port=8080) at 0x1553db22ad80>, 'Connection to 10.22.132.1 timed out. (connect timeout=10)'))

The above exception was the direct cause of the following exception:

Traceback (most recent call last):
  File "/usr/local/lib/python3.12/dist-packages/requests/adapters.py", line 644, in send
    resp = conn.urlopen(
           ^^^^^^^^^^^^^
  File "/usr/local/lib/python3.12/dist-packages/urllib3/connectionpool.py", line 841, in urlopen
    retries = retries.increment(
              ^^^^^^^^^^^^^^^^^^
  File "/usr/local/lib/python3.12/dist-packages/urllib3/util/retry.py", line 535, in increment
    raise MaxRetryError(_pool, url, reason) from reason  # type: ignore[arg-type]
    ^^^^^^^^^^^^^^^^^^^^^^^^^^^^^^^^^^^^^^^^^^^^^^^^^^^
urllib3.exceptions.MaxRetryError: HTTPSConnectionPool(host='huggingface.co', port=443): Max retries exceeded with url: /ByteDance/Ouro-2.6B/resolve/main/tokenizer_config.json (Caused by ProxyError('Unable to connect to proxy', ConnectTimeoutError(<HTTPSConnection(host='10.22.132.1', port=8080) at 0x1553db22ad80>, 'Connection to 10.22.132.1 timed out. (connect timeout=10)')))

During handling of the above exception, another exception occurred:

Traceback (most recent call last):
  File "/workspace/train_qlora.py", line 150, in <module>
    main()
  File "/workspace/train_qlora.py", line 61, in main
    tokenizer = AutoTokenizer.from_pretrained(model_name, trust_remote_code=True)
                ^^^^^^^^^^^^^^^^^^^^^^^^^^^^^^^^^^^^^^^^^^^^^^^^^^^^^^^^^^^^^^^^^
  File "/usr/local/lib/python3.12/dist-packages/transformers/models/auto/tokenization_auto.py", line 1047, in from_pretrained
    tokenizer_config = get_tokenizer_config(pretrained_model_name_or_path, **kwargs)
                       ^^^^^^^^^^^^^^^^^^^^^^^^^^^^^^^^^^^^^^^^^^^^^^^^^^^^^^^^^^^^^
  File "/usr/local/lib/python3.12/dist-packages/transformers/models/auto/tokenization_auto.py", line 879, in get_tokenizer_config
    resolved_config_file = cached_file(
                           ^^^^^^^^^^^^
  File "/usr/local/lib/python3.12/dist-packages/transformers/utils/hub.py", line 318, in cached_file
    file = cached_files(path_or_repo_id=path_or_repo_id, filenames=[filename], **kwargs)
           ^^^^^^^^^^^^^^^^^^^^^^^^^^^^^^^^^^^^^^^^^^^^^^^^^^^^^^^^^^^^^^^^^^^^^^^^^^^^^
  File "/usr/local/lib/python3.12/dist-packages/transformers/utils/hub.py", line 564, in cached_files
    raise e
  File "/usr/local/lib/python3.12/dist-packages/transformers/utils/hub.py", line 476, in cached_files
    hf_hub_download(
  File "/usr/local/lib/python3.12/dist-packages/huggingface_hub/utils/_validators.py", line 114, in _inner_fn
    return fn(*args, **kwargs)
           ^^^^^^^^^^^^^^^^^^^
  File "/usr/local/lib/python3.12/dist-packages/huggingface_hub/file_download.py", line 1014, in hf_hub_download
    return _hf_hub_download_to_cache_dir(
           ^^^^^^^^^^^^^^^^^^^^^^^^^^^^^^
  File "/usr/local/lib/python3.12/dist-packages/huggingface_hub/file_download.py", line 1077, in _hf_hub_download_to_cache_dir
    (url_to_download, etag, commit_hash, expected_size, xet_file_data, head_call_error) = _get_metadata_or_catch_error(
                                                                                          ^^^^^^^^^^^^^^^^^^^^^^^^^^^^^
  File "/usr/local/lib/python3.12/dist-packages/huggingface_hub/file_download.py", line 1550, in _get_metadata_or_catch_error
    metadata = get_hf_file_metadata(
               ^^^^^^^^^^^^^^^^^^^^^
  File "/usr/local/lib/python3.12/dist-packages/huggingface_hub/utils/_validators.py", line 114, in _inner_fn
    return fn(*args, **kwargs)
           ^^^^^^^^^^^^^^^^^^^
  File "/usr/local/lib/python3.12/dist-packages/huggingface_hub/file_download.py", line 1467, in get_hf_file_metadata
    r = _request_wrapper(
        ^^^^^^^^^^^^^^^^^
  File "/usr/local/lib/python3.12/dist-packages/huggingface_hub/file_download.py", line 283, in _request_wrapper
    response = _request_wrapper(
               ^^^^^^^^^^^^^^^^^
  File "/usr/local/lib/python3.12/dist-packages/huggingface_hub/file_download.py", line 306, in _request_wrapper
    response = http_backoff(method=method, url=url, **params)
               ^^^^^^^^^^^^^^^^^^^^^^^^^^^^^^^^^^^^^^^^^^^^^^
  File "/usr/local/lib/python3.12/dist-packages/huggingface_hub/utils/_http.py", line 326, in http_backoff
    raise err
  File "/usr/local/lib/python3.12/dist-packages/huggingface_hub/utils/_http.py", line 307, in http_backoff
    response = session.request(method=method, url=url, **kwargs)
               ^^^^^^^^^^^^^^^^^^^^^^^^^^^^^^^^^^^^^^^^^^^^^^^^^
  File "/usr/local/lib/python3.12/dist-packages/requests/sessions.py", line 589, in request
    resp = self.send(prep, **send_kwargs)
           ^^^^^^^^^^^^^^^^^^^^^^^^^^^^^^
  File "/usr/local/lib/python3.12/dist-packages/requests/sessions.py", line 703, in send
    r = adapter.send(request, **kwargs)
        ^^^^^^^^^^^^^^^^^^^^^^^^^^^^^^^
  File "/usr/local/lib/python3.12/dist-packages/huggingface_hub/utils/_http.py", line 96, in send
    return super().send(request, *args, **kwargs)
           ^^^^^^^^^^^^^^^^^^^^^^^^^^^^^^^^^^^^^^
  File "/usr/local/lib/python3.12/dist-packages/requests/adapters.py", line 671, in send
    raise ProxyError(e, request=request)
requests.exceptions.ProxyError: (MaxRetryError("HTTPSConnectionPool(host='huggingface.co', port=443): Max retries exceeded with url: /ByteDance/Ouro-2.6B/resolve/main/tokenizer_config.json (Caused by ProxyError('Unable to connect to proxy', ConnectTimeoutError(<HTTPSConnection(host='10.22.132.1', port=8080) at 0x1553db22ad80>, 'Connection to 10.22.132.1 timed out. (connect timeout=10)')))"), '(Request ID: dcc4b695-e7b7-40ea-8f45-e378c9655192)')
